# JRE version: OpenJDK Runtime Environment Temurin-17.0.13+11 (17.0.13+11) (build 17.0.13+11)
# Java VM: OpenJDK 64-Bit Server VM Temurin-17.0.13+11 (17.0.13+11, mixed mode, tiered, compressed oops, compressed class ptrs, parallel gc, windows-amd64)
GC Precious Log:
 CPUs: 4 total, 4 available
 Memory: 3894M
 Large Page Support: Disabled
 NUMA Support: Disabled
 Compressed Oops: Enabled (32-bit)
 Alignments: Space 512K, Generation 512K, Heap 2M
 Heap Min Capacity: 100M
 Heap Initial Capacity: 100M
 Heap Max Capacity: 1G
 Pre-touch: Disabled
 Parallel Workers: 4
Heap:
 PSYoungGen      total 13824K, used 4942K [0x00000000eab00000, 0x00000000ebe00000, 0x0000000100000000)
  eden space 12800K, 31% used [0x00000000eab00000,0x00000000eaefaef0,0x00000000eb780000)
  from space 1024K, 84% used [0x00000000ebd00000,0x00000000ebdd8bc8,0x00000000ebe00000)
  to   space 1536K, 0% used [0x00000000ebb00000,0x00000000ebb00000,0x00000000ebc80000)
 ParOldGen       total 116224K, used 83304K [0x00000000c0000000, 0x00000000c7180000, 0x00000000eab00000)
  object space 116224K, 71% used [0x00000000c0000000,0x00000000c515a098,0x00000000c7180000)
 Metaspace       used 71800K, committed 72960K, reserved 1114112K
  class space    used 7467K, committed 8000K, reserved 1048576K
GC Heap History (20 events):
Event: 48.148 GC heap before
{Heap before GC invocations=40 (full 4):
 PSYoungGen      total 13312K, used 12800K [0x00000000eab00000, 0x00000000ebc00000, 0x0000000100000000)
  eden space 12800K, 100% used [0x00000000eab00000,0x00000000eb780000,0x00000000eb780000)
  from space 512K, 0% used [0x00000000ebb80000,0x00000000ebb80000,0x00000000ebc00000)
  to   space 2048K, 0% used [0x00000000eb800000,0x00000000eb800000,0x00000000eba00000)
 ParOldGen       total 96256K, used 59687K [0x00000000c0000000, 0x00000000c5e00000, 0x00000000eab00000)
  object space 96256K, 62% used [0x00000000c0000000,0x00000000c3a49df0,0x00000000c5e00000)
 Metaspace       used 67669K, committed 68800K, reserved 1114112K
  class space    used 7127K, committed 7616K, reserved 1048576K
}
Event: 48.160 GC heap after
{Heap after GC invocations=40 (full 4):
 PSYoungGen      total 14848K, used 2048K [0x00000000eab00000, 0x00000000ec880000, 0x0000000100000000)
  eden space 12800K, 0% used [0x00000000eab00000,0x00000000eab00000,0x00000000eb780000)
  from space 2048K, 100% used [0x00000000eb800000,0x00000000eba00000,0x00000000eba00000)
  to   space 8704K, 0% used [0x00000000ec000000,0x00000000ec000000,0x00000000ec880000)
 ParOldGen       total 96256K, used 64983K [0x00000000c0000000, 0x00000000c5e00000, 0x00000000eab00000)
  object space 96256K, 67% used [0x00000000c0000000,0x00000000c3f75fc8,0x00000000c5e00000)
 Metaspace       used 67669K, committed 68800K, reserved 1114112K
  class space    used 7127K, committed 7616K, reserved 1048576K
}
Event: 48.396 GC heap before
{Heap before GC invocations=41 (full 4):
 PSYoungGen      total 14848K, used 14848K [0x00000000eab00000, 0x00000000ec880000, 0x0000000100000000)
  eden space 12800K, 100% used [0x00000000eab00000,0x00000000eb780000,0x00000000eb780000)
  from space 2048K, 100% used [0x00000000eb800000,0x00000000eba00000,0x00000000eba00000)
  to   space 8704K, 0% used [0x00000000ec000000,0x00000000ec000000,0x00000000ec880000)
 ParOldGen       total 96256K, used 64983K [0x00000000c0000000, 0x00000000c5e00000, 0x00000000eab00000)
  object space 96256K, 67% used [0x00000000c0000000,0x00000000c3f75fc8,0x00000000c5e00000)
 Metaspace       used 67718K, committed 68864K, reserved 1114112K
  class space    used 7127K, committed 7616K, reserved 1048576K
}
Event: 48.409 GC heap after
{Heap after GC invocations=41 (full 4):
 PSYoungGen      total 19968K, used 7041K [0x00000000eab00000, 0x00000000ec700000, 0x0000000100000000)
  eden space 12800K, 0% used [0x00000000eab00000,0x00000000eab00000,0x00000000eb780000)
  from space 7168K, 98% used [0x00000000ec000000,0x00000000ec6e0788,0x00000000ec700000)
  to   space 7680K, 0% used [0x00000000eb800000,0x00000000eb800000,0x00000000ebf80000)
 ParOldGen       total 96256K, used 67047K [0x00000000c0000000, 0x00000000c5e00000, 0x00000000eab00000)
  object space 96256K, 69% used [0x00000000c0000000,0x00000000c4179fc8,0x00000000c5e00000)
 Metaspace       used 67718K, committed 68864K, reserved 1114112K
  class space    used 7127K, committed 7616K, reserved 1048576K
}
Event: 48.556 GC heap before
{Heap before GC invocations=42 (full 4):
 PSYoungGen      total 19968K, used 19841K [0x00000000eab00000, 0x00000000ec700000, 0x0000000100000000)
  eden space 12800K, 100% used [0x00000000eab00000,0x00000000eb780000,0x00000000eb780000)
  from space 7168K, 98% used [0x00000000ec000000,0x00000000ec6e0788,0x00000000ec700000)
  to   space 7680K, 0% used [0x00000000eb800000,0x00000000eb800000,0x00000000ebf80000)
 ParOldGen       total 96256K, used 67047K [0x00000000c0000000, 0x00000000c5e00000, 0x00000000eab00000)
  object space 96256K, 69% used [0x00000000c0000000,0x00000000c4179fc8,0x00000000c5e00000)
 Metaspace       used 67739K, committed 68864K, reserved 1114112K
  class space    used 7133K, committed 7616K, reserved 1048576K
}
Event: 48.573 GC heap after
{Heap after GC invocations=42 (full 4):
 PSYoungGen      total 20480K, used 7680K [0x00000000eab00000, 0x00000000edb80000, 0x0000000100000000)
  eden space 12800K, 0% used [0x00000000eab00000,0x00000000eab00000,0x00000000eb780000)
  from space 7680K, 100% used [0x00000000eb800000,0x00000000ebf80000,0x00000000ebf80000)
  to   space 18432K, 0% used [0x00000000ec980000,0x00000000ec980000,0x00000000edb80000)
 ParOldGen       total 96256K, used 75937K [0x00000000c0000000, 0x00000000c5e00000, 0x00000000eab00000)
  object space 96256K, 78% used [0x00000000c0000000,0x00000000c4a28760,0x00000000c5e00000)
 Metaspace       used 67739K, committed 68864K, reserved 1114112K
  class space    used 7133K, committed 7616K, reserved 1048576K
}
Event: 48.753 GC heap before
{Heap before GC invocations=43 (full 4):
 PSYoungGen      total 20480K, used 20480K [0x00000000eab00000, 0x00000000edb80000, 0x0000000100000000)
  eden space 12800K, 100% used [0x00000000eab00000,0x00000000eb780000,0x00000000eb780000)
  from space 7680K, 100% used [0x00000000eb800000,0x00000000ebf80000,0x00000000ebf80000)
  to   space 18432K, 0% used [0x00000000ec980000,0x00000000ec980000,0x00000000edb80000)
 ParOldGen       total 96256K, used 75937K [0x00000000c0000000, 0x00000000c5e00000, 0x00000000eab00000)
  object space 96256K, 78% used [0x00000000c0000000,0x00000000c4a28760,0x00000000c5e00000)
 Metaspace       used 67739K, committed 68864K, reserved 1114112K
  class space    used 7133K, committed 7616K, reserved 1048576K
}
Event: 48.772 GC heap after
{Heap after GC invocations=43 (full 4):
 PSYoungGen      total 23040K, used 9824K [0x00000000eab00000, 0x00000000ed380000, 0x0000000100000000)
  eden space 12800K, 0% used [0x00000000eab00000,0x00000000eab00000,0x00000000eb780000)
  from space 10240K, 95% used [0x00000000ec980000,0x00000000ed318000,0x00000000ed380000)
  to   space 12288K, 0% used [0x00000000ebb80000,0x00000000ebb80000,0x00000000ec780000)
 ParOldGen       total 96256K, used 83649K [0x00000000c0000000, 0x00000000c5e00000, 0x00000000eab00000)
  object space 96256K, 86% used [0x00000000c0000000,0x00000000c51b0760,0x00000000c5e00000)
 Metaspace       used 67739K, committed 68864K, reserved 1114112K
  class space    used 7133K, committed 7616K, reserved 1048576K
}
Event: 172.197 GC heap before
{Heap before GC invocations=44 (full 4):
 PSYoungGen      total 23040K, used 22624K [0x00000000eab00000, 0x00000000ed380000, 0x0000000100000000)
  eden space 12800K, 100% used [0x00000000eab00000,0x00000000eb780000,0x00000000eb780000)
  from space 10240K, 95% used [0x00000000ec980000,0x00000000ed318000,0x00000000ed380000)
  to   space 12288K, 0% used [0x00000000ebb80000,0x00000000ebb80000,0x00000000ec780000)
 ParOldGen       total 96256K, used 83649K [0x00000000c0000000, 0x00000000c5e00000, 0x00000000eab00000)
  object space 96256K, 86% used [0x00000000c0000000,0x00000000c51b0760,0x00000000c5e00000)
 Metaspace       used 68505K, committed 69632K, reserved 1114112K
  class space    used 7213K, committed 7744K, reserved 1048576K
}
Event: 172.269 GC heap after
{Heap after GC invocations=44 (full 4):
 PSYoungGen      total 17920K, used 4689K [0x00000000eab00000, 0x00000000eca00000, 0x0000000100000000)
  eden space 12800K, 0% used [0x00000000eab00000,0x00000000eab00000,0x00000000eb780000)
  from space 5120K, 91% used [0x00000000ebb80000,0x00000000ec014690,0x00000000ec080000)
  to   space 7168K, 0% used [0x00000000ec300000,0x00000000ec300000,0x00000000eca00000)
 ParOldGen       total 96256K, used 93449K [0x00000000c0000000, 0x00000000c5e00000, 0x00000000eab00000)
  object space 96256K, 97% used [0x00000000c0000000,0x00000000c5b42760,0x00000000c5e00000)
 Metaspace       used 68505K, committed 69632K, reserved 1114112K
  class space    used 7213K, committed 7744K, reserved 1048576K
}
Event: 172.862 GC heap before
{Heap before GC invocations=45 (full 5):
 PSYoungGen      total 17920K, used 17469K [0x00000000eab00000, 0x00000000eca00000, 0x0000000100000000)
  eden space 12800K, 99% used [0x00000000eab00000,0x00000000eb77adf0,0x00000000eb780000)
  from space 5120K, 91% used [0x00000000ebb80000,0x00000000ec014690,0x00000000ec080000)
  to   space 7168K, 0% used [0x00000000ec300000,0x00000000ec300000,0x00000000eca00000)
 ParOldGen       total 96256K, used 93449K [0x00000000c0000000, 0x00000000c5e00000, 0x00000000eab00000)
  object space 96256K, 97% used [0x00000000c0000000,0x00000000c5b42760,0x00000000c5e00000)
 Metaspace       used 69272K, committed 70400K, reserved 1114112K
  class space    used 7279K, committed 7808K, reserved 1048576K
}
Event: 173.193 GC heap after
{Heap after GC invocations=45 (full 5):
 PSYoungGen      total 15360K, used 0K [0x00000000eab00000, 0x00000000ec580000, 0x0000000100000000)
  eden space 12800K, 0% used [0x00000000eab00000,0x00000000eab00000,0x00000000eb780000)
  from space 2560K, 0% used [0x00000000ec300000,0x00000000ec300000,0x00000000ec580000)
  to   space 7168K, 0% used [0x00000000eb780000,0x00000000eb780000,0x00000000ebe80000)
 ParOldGen       total 116224K, used 81442K [0x00000000c0000000, 0x00000000c7180000, 0x00000000eab00000)
  object space 116224K, 70% used [0x00000000c0000000,0x00000000c4f88af8,0x00000000c7180000)
 Metaspace       used 69272K, committed 70400K, reserved 1114112K
  class space    used 7279K, committed 7808K, reserved 1048576K
}
Event: 173.354 GC heap before
{Heap before GC invocations=46 (full 5):
 PSYoungGen      total 15360K, used 12800K [0x00000000eab00000, 0x00000000ec580000, 0x0000000100000000)
  eden space 12800K, 100% used [0x00000000eab00000,0x00000000eb780000,0x00000000eb780000)
  from space 2560K, 0% used [0x00000000ec300000,0x00000000ec300000,0x00000000ec580000)
  to   space 7168K, 0% used [0x00000000eb780000,0x00000000eb780000,0x00000000ebe80000)
 ParOldGen       total 116224K, used 81442K [0x00000000c0000000, 0x00000000c7180000, 0x00000000eab00000)
  object space 116224K, 70% used [0x00000000c0000000,0x00000000c4f88af8,0x00000000c7180000)
 Metaspace       used 69719K, committed 70912K, reserved 1114112K
  class space    used 7312K, committed 7808K, reserved 1048576K
}
Event: 173.358 GC heap after
{Heap after GC invocations=46 (full 5):
 PSYoungGen      total 19968K, used 4454K [0x00000000eab00000, 0x00000000ec380000, 0x0000000100000000)
  eden space 12800K, 0% used [0x00000000eab00000,0x00000000eab00000,0x00000000eb780000)
  from space 7168K, 62% used [0x00000000eb780000,0x00000000ebbd9870,0x00000000ebe80000)
  to   space 5120K, 0% used [0x00000000ebe80000,0x00000000ebe80000,0x00000000ec380000)
 ParOldGen       total 116224K, used 81442K [0x00000000c0000000, 0x00000000c7180000, 0x00000000eab00000)
  object space 116224K, 70% used [0x00000000c0000000,0x00000000c4f88af8,0x00000000c7180000)
 Metaspace       used 69719K, committed 70912K, reserved 1114112K
  class space    used 7312K, committed 7808K, reserved 1048576K
}
Event: 175.161 GC heap before
{Heap before GC invocations=47 (full 5):
 PSYoungGen      total 19968K, used 17254K [0x00000000eab00000, 0x00000000ec380000, 0x0000000100000000)
  eden space 12800K, 99% used [0x00000000eab00000,0x00000000eb77fff8,0x00000000eb780000)
  from space 7168K, 62% used [0x00000000eb780000,0x00000000ebbd9870,0x00000000ebe80000)
  to   space 5120K, 0% used [0x00000000ebe80000,0x00000000ebe80000,0x00000000ec380000)
 ParOldGen       total 116224K, used 81442K [0x00000000c0000000, 0x00000000c7180000, 0x00000000eab00000)
  object space 116224K, 70% used [0x00000000c0000000,0x00000000c4f88af8,0x00000000c7180000)
 Metaspace       used 70724K, committed 71936K, reserved 1114112K
  class space    used 7412K, committed 7936K, reserved 1048576K
}
Event: 175.165 GC heap after
{Heap after GC invocations=47 (full 5):
 PSYoungGen      total 13312K, used 480K [0x00000000eab00000, 0x00000000ebf00000, 0x0000000100000000)
  eden space 12800K, 0% used [0x00000000eab00000,0x00000000eab00000,0x00000000eb780000)
  from space 512K, 93% used [0x00000000ebe80000,0x00000000ebef8000,0x00000000ebf00000)
  to   space 2048K, 0% used [0x00000000ebb00000,0x00000000ebb00000,0x00000000ebd00000)
 ParOldGen       total 116224K, used 81861K [0x00000000c0000000, 0x00000000c7180000, 0x00000000eab00000)
  object space 116224K, 70% used [0x00000000c0000000,0x00000000c4ff17c8,0x00000000c7180000)
 Metaspace       used 70724K, committed 71936K, reserved 1114112K
  class space    used 7412K, committed 7936K, reserved 1048576K
}
Event: 177.360 GC heap before
{Heap before GC invocations=48 (full 5):
 PSYoungGen      total 13312K, used 13280K [0x00000000eab00000, 0x00000000ebf00000, 0x0000000100000000)
  eden space 12800K, 100% used [0x00000000eab00000,0x00000000eb780000,0x00000000eb780000)
  from space 512K, 93% used [0x00000000ebe80000,0x00000000ebef8000,0x00000000ebf00000)
  to   space 2048K, 0% used [0x00000000ebb00000,0x00000000ebb00000,0x00000000ebd00000)
 ParOldGen       total 116224K, used 81861K [0x00000000c0000000, 0x00000000c7180000, 0x00000000eab00000)
  object space 116224K, 70% used [0x00000000c0000000,0x00000000c4ff17c8,0x00000000c7180000)
 Metaspace       used 71144K, committed 72256K, reserved 1114112K
  class space    used 7426K, committed 7936K, reserved 1048576K
}
Event: 177.365 GC heap after
{Heap after GC invocations=48 (full 5):
 PSYoungGen      total 14848K, used 1554K [0x00000000eab00000, 0x00000000ebf00000, 0x0000000100000000)
  eden space 12800K, 0% used [0x00000000eab00000,0x00000000eab00000,0x00000000eb780000)
  from space 2048K, 75% used [0x00000000ebb00000,0x00000000ebc84b98,0x00000000ebd00000)
  to   space 2048K, 0% used [0x00000000ebd00000,0x00000000ebd00000,0x00000000ebf00000)
 ParOldGen       total 116224K, used 82185K [0x00000000c0000000, 0x00000000c7180000, 0x00000000eab00000)
  object space 116224K, 70% used [0x00000000c0000000,0x00000000c5042720,0x00000000c7180000)
 Metaspace       used 71144K, committed 72256K, reserved 1114112K
  class space    used 7426K, committed 7936K, reserved 1048576K
}
Event: 182.852 GC heap before
{Heap before GC invocations=49 (full 5):
 PSYoungGen      total 14848K, used 14354K [0x00000000eab00000, 0x00000000ebf00000, 0x0000000100000000)
  eden space 12800K, 100% used [0x00000000eab00000,0x00000000eb780000,0x00000000eb780000)
  from space 2048K, 75% used [0x00000000ebb00000,0x00000000ebc84b98,0x00000000ebd00000)
  to   space 2048K, 0% used [0x00000000ebd00000,0x00000000ebd00000,0x00000000ebf00000)
 ParOldGen       total 116224K, used 82185K [0x00000000c0000000, 0x00000000c7180000, 0x00000000eab00000)
  object space 116224K, 70% used [0x00000000c0000000,0x00000000c5042720,0x00000000c7180000)
 Metaspace       used 71699K, committed 72896K, reserved 1114112K
  class space    used 7467K, committed 8000K, reserved 1048576K
}
Event: 182.855 GC heap after
{Heap after GC invocations=49 (full 5):
 PSYoungGen      total 13824K, used 866K [0x00000000eab00000, 0x00000000ebe00000, 0x0000000100000000)
  eden space 12800K, 0% used [0x00000000eab00000,0x00000000eab00000,0x00000000eb780000)
  from space 1024K, 84% used [0x00000000ebd00000,0x00000000ebdd8bc8,0x00000000ebe00000)
  to   space 1536K, 0% used [0x00000000ebb00000,0x00000000ebb00000,0x00000000ebc80000)
 ParOldGen       total 116224K, used 83304K [0x00000000c0000000, 0x00000000c7180000, 0x00000000eab00000)
  object space 116224K, 71% used [0x00000000c0000000,0x00000000c515a098,0x00000000c7180000)
 Metaspace       used 71699K, committed 72896K, reserved 1114112K
  class space    used 7467K, committed 8000K, reserved 1048576K
}

